e:\projects\rpg_sdl_game\rpg_sdl_game\debug\vc142.pdb
e:\projects\rpg_sdl_game\rpg_sdl_game\debug\vc142.idb
e:\projects\rpg_sdl_game\rpg_sdl_game\debug\main.obj
e:\projects\rpg_sdl_game\debug\rpg_sdl_game.pdb
e:\projects\rpg_sdl_game\rpg_sdl_game\debug\rpg_sdl_game.tlog\cl.command.1.tlog
e:\projects\rpg_sdl_game\rpg_sdl_game\debug\rpg_sdl_game.tlog\cl.read.1.tlog
e:\projects\rpg_sdl_game\rpg_sdl_game\debug\rpg_sdl_game.tlog\cl.write.1.tlog
e:\projects\rpg_sdl_game\rpg_sdl_game\debug\rpg_sdl_game.tlog\link-cvtres.read.1.tlog
e:\projects\rpg_sdl_game\rpg_sdl_game\debug\rpg_sdl_game.tlog\link-cvtres.write.1.tlog
e:\projects\rpg_sdl_game\rpg_sdl_game\debug\rpg_sdl_game.tlog\link-rc.read.1.tlog
e:\projects\rpg_sdl_game\rpg_sdl_game\debug\rpg_sdl_game.tlog\link-rc.write.1.tlog
e:\projects\rpg_sdl_game\rpg_sdl_game\debug\rpg_sdl_game.tlog\link.19560-cvtres.read.1.tlog
e:\projects\rpg_sdl_game\rpg_sdl_game\debug\rpg_sdl_game.tlog\link.19560-cvtres.write.1.tlog
e:\projects\rpg_sdl_game\rpg_sdl_game\debug\rpg_sdl_game.tlog\link.19560-rc.read.1.tlog
e:\projects\rpg_sdl_game\rpg_sdl_game\debug\rpg_sdl_game.tlog\link.19560-rc.write.1.tlog
e:\projects\rpg_sdl_game\rpg_sdl_game\debug\rpg_sdl_game.tlog\link.19560.read.1.tlog
e:\projects\rpg_sdl_game\rpg_sdl_game\debug\rpg_sdl_game.tlog\link.19560.write.1.tlog
e:\projects\rpg_sdl_game\rpg_sdl_game\debug\rpg_sdl_game.tlog\link.command.1.tlog
e:\projects\rpg_sdl_game\rpg_sdl_game\debug\rpg_sdl_game.tlog\link.read.1.tlog
e:\projects\rpg_sdl_game\rpg_sdl_game\debug\rpg_sdl_game.tlog\link.write.1.tlog
